[2020-05-12T16:58:26.896] [DEBUG] cheese - login => username:zs,password:123456
[2020-05-12T16:58:26.898] [DEBUG] cheese - zs
[2020-05-12T17:11:40.012] [DEBUG] cheese - login => username:zs,password:123456
[2020-05-12T17:11:40.012] [DEBUG] cheese - zs
[2020-05-12T17:11:40.043] [DEBUG] cheese - null
[2020-05-12T17:11:40.043] [DEBUG] cheese - null
[2020-05-12T17:11:40.047] [DEBUG] cheese - null
[2020-05-12T17:11:40.047] [DEBUG] cheese - null
[2020-05-12T17:11:54.276] [DEBUG] cheese - login => username:zs,password:123456
[2020-05-12T17:11:54.276] [DEBUG] cheese - zs
[2020-05-12T17:11:54.287] [DEBUG] cheese - null
[2020-05-12T17:11:54.288] [DEBUG] cheese - null
[2020-05-12T17:11:59.749] [DEBUG] cheese - login => username:zs,password:123456
[2020-05-12T17:11:59.750] [DEBUG] cheese - zs
[2020-05-12T17:11:59.755] [DEBUG] cheese - null
[2020-05-12T17:11:59.756] [DEBUG] cheese - null
[2020-05-12T17:14:08.489] [DEBUG] cheese - login => username:zs,password:123456
[2020-05-12T17:14:08.489] [DEBUG] cheese - zs
[2020-05-12T17:14:08.493] [DEBUG] cheese - null
[2020-05-12T17:14:08.493] [DEBUG] cheese - null
[2020-05-12T17:17:12.328] [DEBUG] cheese - login => username:admin,password:123456
[2020-05-12T17:17:12.328] [DEBUG] cheese - admin
[2020-05-12T17:17:12.335] [DEBUG] cheese - null
[2020-05-12T17:17:12.335] [DEBUG] cheese - null
[2020-05-15T16:10:05.152] [DEBUG] cheese - login => username:admin,password:123456
[2020-05-15T16:10:05.154] [DEBUG] cheese - admin
[2020-05-15T16:10:05.167] [DEBUG] cheese - null
[2020-05-15T16:10:05.168] [DEBUG] cheese - null
[2020-05-30T16:36:35.843] [DEBUG] cheese - login => username:admin,password:123456
[2020-05-30T16:36:35.845] [DEBUG] cheese - admin
[2020-05-30T16:36:35.855] [DEBUG] cheese - null
[2020-05-30T16:36:35.856] [DEBUG] cheese - null
[2020-05-30T16:37:15.970] [DEBUG] cheese - login => username:admin,password:123456
[2020-05-30T16:37:15.970] [DEBUG] cheese - admin
[2020-05-30T16:37:15.973] [DEBUG] cheese - null
[2020-05-30T16:37:15.973] [DEBUG] cheese - null
[2020-05-30T16:39:38.974] [DEBUG] cheese - login => username:admin,password:123456
[2020-05-30T16:39:38.975] [DEBUG] cheese - admin
[2020-05-30T16:39:38.977] [DEBUG] cheese - null
[2020-05-30T16:39:38.977] [DEBUG] cheese - null
[2020-05-30T16:39:40.368] [DEBUG] cheese - login => username:admin,password:123456
[2020-05-30T16:39:40.369] [DEBUG] cheese - admin
[2020-05-30T16:39:40.371] [DEBUG] cheese - null
[2020-05-30T16:39:40.371] [DEBUG] cheese - null
